<?xml version="1.0" encoding="UTF-8"?>
<!-- Generated by org.testng.reporters.JUnitXMLReporter -->
<testsuite hostname="DESKTOP-VIH11FL" ignored="0" name="Surefire test" tests="1" failures="1" timestamp="2020-08-16T17:57:53 CLST" time="21.821" errors="0">
  <testcase name="f" time="3.625" classname="com.platinum.SeleniumTest.NewTest">
    <failure type="org.junit.ComparisonFailure" message="expected:&amp;lt;[pagina principal Iplacex - Google search]&amp;gt; but was:&amp;lt;[Pagina principal Iplacex - Buscar con Google]&amp;gt;">
      <![CDATA[org.junit.ComparisonFailure: expected:<[pagina principal Iplacex - Google search]> but was:<[Pagina principal Iplacex - Buscar con Google]>
at org.junit.Assert.assertEquals(Assert.java:117)
at org.junit.Assert.assertEquals(Assert.java:146)
at com.platinum.SeleniumTest.NewTest.f(NewTest.java:25)
at java.util.ArrayList.forEach(ArrayList.java:1249)
... Removed 32 stack frames]]>
    </failure>
  </testcase> <!-- f -->
</testsuite> <!-- Surefire test -->
